vm.drop_caches = 3
Fri Oct 21 16:00:01 PST 2022
Cache has been cleared
vm.drop_caches = 3
Fri Oct 21 17:00:01 PST 2022
Cache has been cleared
vm.drop_caches = 3
Fri Oct 21 18:00:02 PST 2022
Cache has been cleared
vm.drop_caches = 3
Fri Oct 21 19:00:01 PST 2022
Cache has been cleared
vm.drop_caches = 3
Fri Oct 21 20:00:01 PST 2022
Cache has been cleared
vm.drop_caches = 3
Fri Oct 21 21:00:02 PST 2022
Cache has been cleared
vm.drop_caches = 3
Fri Oct 21 22:00:01 PST 2022
Cache has been cleared
vm.drop_caches = 3
Fri Oct 21 23:00:02 PST 2022
Cache has been cleared
vm.drop_caches = 3
Sat Oct 22 00:00:01 PST 2022
Cache has been cleared
vm.drop_caches = 3
Sat Oct 22 01:00:02 PST 2022
Cache has been cleared
vm.drop_caches = 3
Sat Oct 22 02:00:02 PST 2022
Cache has been cleared
vm.drop_caches = 3
Sat Oct 22 03:00:02 PST 2022
Cache has been cleared
vm.drop_caches = 3
Sat Oct 22 04:00:02 PST 2022
Cache has been cleared
vm.drop_caches = 3
Sat Oct 22 05:00:01 PST 2022
Cache has been cleared
vm.drop_caches = 3
Sat Oct 22 06:00:01 PST 2022
Cache has been cleared
vm.drop_caches = 3
Sat Oct 22 07:00:01 PST 2022
Cache has been cleared
vm.drop_caches = 3
Sat Oct 22 08:00:01 PST 2022
Cache has been cleared
vm.drop_caches = 3
Sat Oct 22 09:00:01 PST 2022
Cache has been cleared
vm.drop_caches = 3
Sat Oct 22 10:00:02 PST 2022
Cache has been cleared
vm.drop_caches = 3
Sat Oct 22 11:00:01 PST 2022
Cache has been cleared
vm.drop_caches = 3
Sat Oct 22 12:00:01 PST 2022
Cache has been cleared
vm.drop_caches = 3
Sat Oct 22 13:00:01 PST 2022
Cache has been cleared
vm.drop_caches = 3
Sat Oct 22 14:00:01 PST 2022
Cache has been cleared
vm.drop_caches = 3
Sat Oct 22 15:00:01 PST 2022
Cache has been cleared
vm.drop_caches = 3
Sat Oct 22 16:00:01 PST 2022
Cache has been cleared
vm.drop_caches = 3
Sat Oct 22 17:00:02 PST 2022
Cache has been cleared
vm.drop_caches = 3
Sat Oct 22 18:00:02 PST 2022
Cache has been cleared
vm.drop_caches = 3
Sat Oct 22 19:00:01 PST 2022
Cache has been cleared
vm.drop_caches = 3
Sat Oct 22 20:00:01 PST 2022
Cache has been cleared
vm.drop_caches = 3
Sat Oct 22 21:00:01 PST 2022
Cache has been cleared
vm.drop_caches = 3
Sat Oct 22 22:00:01 PST 2022
Cache has been cleared
vm.drop_caches = 3
Sat Oct 22 23:00:01 PST 2022
Cache has been cleared
vm.drop_caches = 3
Sun Oct 23 00:00:01 PST 2022
Cache has been cleared
vm.drop_caches = 3
Sun Oct 23 01:00:02 PST 2022
Cache has been cleared
vm.drop_caches = 3
Sun Oct 23 02:00:02 PST 2022
Cache has been cleared
vm.drop_caches = 3
Sun Oct 23 03:00:01 PST 2022
Cache has been cleared
vm.drop_caches = 3
Sun Oct 23 04:00:01 PST 2022
Cache has been cleared
vm.drop_caches = 3
Sun Oct 23 05:00:01 PST 2022
Cache has been cleared
vm.drop_caches = 3
Sun Oct 23 06:00:01 PST 2022
Cache has been cleared
vm.drop_caches = 3
Sun Oct 23 07:00:01 PST 2022
Cache has been cleared
vm.drop_caches = 3
Sun Oct 23 08:00:01 PST 2022
Cache has been cleared
vm.drop_caches = 3
Sun Oct 23 09:00:01 PST 2022
Cache has been cleared
vm.drop_caches = 3
Sun Oct 23 10:00:01 PST 2022
Cache has been cleared
vm.drop_caches = 3
Sun Oct 23 11:00:01 PST 2022
Cache has been cleared
vm.drop_caches = 3
Sun Oct 23 12:00:01 PST 2022
Cache has been cleared
vm.drop_caches = 3
Sun Oct 23 13:00:02 PST 2022
Cache has been cleared
vm.drop_caches = 3
Sun Oct 23 14:00:02 PST 2022
Cache has been cleared
vm.drop_caches = 3
Sun Oct 23 15:00:02 PST 2022
Cache has been cleared
vm.drop_caches = 3
Sun Oct 23 16:00:02 PST 2022
Cache has been cleared
vm.drop_caches = 3
Sun Oct 23 17:00:01 PST 2022
Cache has been cleared
vm.drop_caches = 3
Sun Oct 23 18:00:01 PST 2022
Cache has been cleared
vm.drop_caches = 3
Sun Oct 23 19:00:01 PST 2022
Cache has been cleared
vm.drop_caches = 3
Sun Oct 23 20:00:01 PST 2022
Cache has been cleared
vm.drop_caches = 3
Sun Oct 23 21:00:01 PST 2022
Cache has been cleared
vm.drop_caches = 3
Sun Oct 23 22:00:01 PST 2022
Cache has been cleared
vm.drop_caches = 3
Sun Oct 23 23:00:02 PST 2022
Cache has been cleared
vm.drop_caches = 3
Mon Oct 24 00:00:02 PST 2022
Cache has been cleared
vm.drop_caches = 3
Mon Oct 24 01:00:01 PST 2022
Cache has been cleared
vm.drop_caches = 3
Mon Oct 24 02:00:01 PST 2022
Cache has been cleared
vm.drop_caches = 3
Mon Oct 24 03:00:01 PST 2022
Cache has been cleared
vm.drop_caches = 3
Mon Oct 24 04:00:01 PST 2022
Cache has been cleared
vm.drop_caches = 3
Mon Oct 24 05:00:01 PST 2022
Cache has been cleared
vm.drop_caches = 3
Mon Oct 24 06:00:02 PST 2022
Cache has been cleared
vm.drop_caches = 3
Mon Oct 24 07:00:02 PST 2022
Cache has been cleared
vm.drop_caches = 3
Mon Oct 24 08:00:02 PST 2022
Cache has been cleared
vm.drop_caches = 3
Mon Oct 24 09:00:02 PST 2022
Cache has been cleared
vm.drop_caches = 3
Mon Oct 24 10:00:01 PST 2022
Cache has been cleared
vm.drop_caches = 3
Mon Oct 24 11:00:01 PST 2022
Cache has been cleared
vm.drop_caches = 3
Mon Oct 24 12:00:01 PST 2022
Cache has been cleared
vm.drop_caches = 3
Mon Oct 24 13:00:01 PST 2022
Cache has been cleared
vm.drop_caches = 3
Mon Oct 24 14:00:02 PST 2022
Cache has been cleared
vm.drop_caches = 3
Mon Oct 24 15:00:02 PST 2022
Cache has been cleared
vm.drop_caches = 3
Mon Oct 24 16:00:02 PST 2022
Cache has been cleared
vm.drop_caches = 3
Mon Oct 24 17:00:01 PST 2022
Cache has been cleared
vm.drop_caches = 3
Mon Oct 24 18:00:01 PST 2022
Cache has been cleared
vm.drop_caches = 3
Mon Oct 24 19:00:01 PST 2022
Cache has been cleared
vm.drop_caches = 3
Mon Oct 24 20:00:01 PST 2022
Cache has been cleared
vm.drop_caches = 3
Mon Oct 24 21:00:02 PST 2022
Cache has been cleared
vm.drop_caches = 3
Mon Oct 24 22:00:01 PST 2022
Cache has been cleared
vm.drop_caches = 3
Mon Oct 24 23:00:01 PST 2022
Cache has been cleared
vm.drop_caches = 3
Tue Oct 25 00:00:02 PST 2022
Cache has been cleared
vm.drop_caches = 3
Tue Oct 25 01:00:02 PST 2022
Cache has been cleared
vm.drop_caches = 3
Tue Oct 25 02:00:02 PST 2022
Cache has been cleared
vm.drop_caches = 3
Tue Oct 25 03:00:01 PST 2022
Cache has been cleared
vm.drop_caches = 3
Tue Oct 25 04:00:01 PST 2022
Cache has been cleared
vm.drop_caches = 3
Tue Oct 25 05:00:01 PST 2022
Cache has been cleared
vm.drop_caches = 3
Tue Oct 25 06:00:01 PST 2022
Cache has been cleared
vm.drop_caches = 3
Tue Oct 25 07:00:01 PST 2022
Cache has been cleared
vm.drop_caches = 3
Tue Oct 25 08:00:01 PST 2022
Cache has been cleared
vm.drop_caches = 3
Tue Oct 25 09:00:01 PST 2022
Cache has been cleared
vm.drop_caches = 3
Tue Oct 25 10:00:01 PST 2022
Cache has been cleared
vm.drop_caches = 3
Tue Oct 25 11:00:02 PST 2022
Cache has been cleared
vm.drop_caches = 3
Tue Oct 25 12:00:01 PST 2022
Cache has been cleared
vm.drop_caches = 3
Tue Oct 25 13:00:01 PST 2022
Cache has been cleared
vm.drop_caches = 3
Tue Oct 25 14:00:01 PST 2022
Cache has been cleared
vm.drop_caches = 3
Tue Oct 25 15:00:01 PST 2022
Cache has been cleared
vm.drop_caches = 3
Tue Oct 25 16:00:02 PST 2022
Cache has been cleared
vm.drop_caches = 3
Tue Oct 25 17:00:02 PST 2022
Cache has been cleared
vm.drop_caches = 3
Tue Oct 25 18:00:01 PST 2022
Cache has been cleared
vm.drop_caches = 3
Tue Oct 25 19:00:01 PST 2022
Cache has been cleared
vm.drop_caches = 3
Tue Oct 25 20:00:01 PST 2022
Cache has been cleared
vm.drop_caches = 3
Tue Oct 25 21:00:01 PST 2022
Cache has been cleared
vm.drop_caches = 3
Tue Oct 25 22:00:02 PST 2022
Cache has been cleared
vm.drop_caches = 3
Tue Oct 25 23:00:02 PST 2022
Cache has been cleared
vm.drop_caches = 3
Wed Oct 26 00:00:01 PST 2022
Cache has been cleared
vm.drop_caches = 3
Wed Oct 26 01:00:01 PST 2022
Cache has been cleared
vm.drop_caches = 3
Wed Oct 26 02:00:01 PST 2022
Cache has been cleared
vm.drop_caches = 3
Wed Oct 26 03:00:01 PST 2022
Cache has been cleared
vm.drop_caches = 3
Wed Oct 26 04:00:02 PST 2022
Cache has been cleared
vm.drop_caches = 3
Wed Oct 26 05:00:01 PST 2022
Cache has been cleared
vm.drop_caches = 3
Wed Oct 26 06:00:01 PST 2022
Cache has been cleared
vm.drop_caches = 3
Wed Oct 26 07:00:01 PST 2022
Cache has been cleared
vm.drop_caches = 3
Wed Oct 26 08:00:02 PST 2022
Cache has been cleared
vm.drop_caches = 3
Wed Oct 26 09:00:02 PST 2022
Cache has been cleared
vm.drop_caches = 3
Wed Oct 26 10:00:02 PST 2022
Cache has been cleared
vm.drop_caches = 3
Wed Oct 26 11:00:01 PST 2022
Cache has been cleared
vm.drop_caches = 3
Wed Oct 26 12:00:01 PST 2022
Cache has been cleared
vm.drop_caches = 3
Wed Oct 26 13:00:01 PST 2022
Cache has been cleared
vm.drop_caches = 3
Wed Oct 26 14:00:01 PST 2022
Cache has been cleared
vm.drop_caches = 3
Wed Oct 26 15:00:01 PST 2022
Cache has been cleared
vm.drop_caches = 3
Wed Oct 26 16:00:02 PST 2022
Cache has been cleared
vm.drop_caches = 3
Wed Oct 26 17:00:02 PST 2022
Cache has been cleared
vm.drop_caches = 3
Wed Oct 26 18:00:01 PST 2022
Cache has been cleared
vm.drop_caches = 3
Wed Oct 26 19:00:01 PST 2022
Cache has been cleared
vm.drop_caches = 3
Wed Oct 26 20:00:02 PST 2022
Cache has been cleared
vm.drop_caches = 3
Wed Oct 26 21:00:02 PST 2022
Cache has been cleared
vm.drop_caches = 3
Wed Oct 26 22:00:01 PST 2022
Cache has been cleared
vm.drop_caches = 3
Wed Oct 26 23:00:01 PST 2022
Cache has been cleared
vm.drop_caches = 3
Thu Oct 27 00:00:02 PST 2022
Cache has been cleared
vm.drop_caches = 3
Thu Oct 27 01:00:02 PST 2022
Cache has been cleared
vm.drop_caches = 3
Thu Oct 27 02:00:01 PST 2022
Cache has been cleared
vm.drop_caches = 3
Thu Oct 27 03:00:01 PST 2022
Cache has been cleared
vm.drop_caches = 3
Thu Oct 27 04:00:01 PST 2022
Cache has been cleared
vm.drop_caches = 3
Thu Oct 27 05:00:02 PST 2022
Cache has been cleared
vm.drop_caches = 3
Thu Oct 27 06:00:02 PST 2022
Cache has been cleared
vm.drop_caches = 3
Thu Oct 27 07:00:02 PST 2022
Cache has been cleared
vm.drop_caches = 3
Thu Oct 27 08:00:02 PST 2022
Cache has been cleared
vm.drop_caches = 3
Thu Oct 27 09:00:01 PST 2022
Cache has been cleared
vm.drop_caches = 3
Thu Oct 27 10:00:01 PST 2022
Cache has been cleared
vm.drop_caches = 3
Thu Oct 27 11:00:01 PST 2022
Cache has been cleared
vm.drop_caches = 3
Thu Oct 27 12:00:01 PST 2022
Cache has been cleared
vm.drop_caches = 3
Thu Oct 27 13:00:01 PST 2022
Cache has been cleared
vm.drop_caches = 3
Thu Oct 27 14:00:01 PST 2022
Cache has been cleared
vm.drop_caches = 3
Thu Oct 27 15:00:01 PST 2022
Cache has been cleared
